<?xml version="1.0" encoding="UTF-8"?>
<!-- Generated by org.testng.reporters.JUnitReportReporter -->
<testsuite skipped="0" hostname="LAPTOP-M7SNESN3" name="academy.RestApiTest" tests="2" failures="0" timestamp="२९ सितंबर २०२१ ०९:५५:३२ GMT" time="०.००७" errors="0">
  <testcase name="deleteTwitter" time="०.००७" classname="academy.RestApiTest"/>
  <testcase name="postJira" time="०.०००" classname="academy.RestApiTest"/>
</testsuite> <!-- academy.RestApiTest -->
