<?xml version="1.0" encoding="UTF-8"?>
<!-- Generated by org.testng.reporters.JUnitReportReporter -->
<testsuite skipped="0" hostname="LAPTOP-M7SNESN3" name="academy.AppiumTest" tests="2" failures="0" timestamp="२९ सितंबर २०२१ ०९:५५:०४ GMT" time="०.०००" errors="0">
  <testcase name="IosApps" time="०.०००" classname="academy.AppiumTest"/>
  <testcase name="nativeAppAndroid" time="०.०००" classname="academy.AppiumTest"/>
</testsuite> <!-- academy.AppiumTest -->
