<?xml version="1.0" encoding="UTF-8"?>
<!-- Generated by org.testng.reporters.JUnitReportReporter -->
<testsuite skipped="0" hostname="LAPTOP-M7SNESN3" name="academy.SeleniumTest" tests="2" failures="0" timestamp="२९ सितंबर २०२१ ०९:५५:३२ GMT" time="०.०००" errors="0">
  <testcase name="browserAutomation" time="०.०००" classname="academy.SeleniumTest"/>
  <testcase name="elementsUi" time="०.०००" classname="academy.SeleniumTest"/>
</testsuite> <!-- academy.SeleniumTest -->
